Building DAG of jobs...
Using shell: /bin/bash
Provided cores: 1 (use --cores to define parallelism)
Rules claiming more threads will be scaled down.
Job stats:
job                 count
----------------  -------
all                     1
download_coldata        1
symlink                 1
total                   3

Select jobs to execute...

[Tue Aug 15 11:21:41 2023]
rule download_coldata:
    output: /home/ieva/rprojects/TCGA-OV-data/tcga_mir_LOGdata.RDS
    jobid: 2
    reason: Missing output files: /home/ieva/rprojects/TCGA-OV-data/tcga_mir_LOGdata.RDS
    resources: tmpdir=/tmp

[Tue Aug 15 11:22:54 2023]
Finished job 2.
1 of 3 steps (33%) done
Select jobs to execute...

[Tue Aug 15 11:22:54 2023]
rule symlink:
    input: /home/ieva/rprojects/TCGA-OV-data/tcga_mir_LOGdata.RDS
    output: TCGA-OV-data/tcga_mir_LOGdata.RDS
    jobid: 1
    reason: Missing output files: TCGA-OV-data/tcga_mir_LOGdata.RDS; Input files updated by another job: /home/ieva/rprojects/TCGA-OV-data/tcga_mir_LOGdata.RDS
    resources: tmpdir=/tmp

Warning: the following output files of rule symlink were not present when the DAG was created:
{'TCGA-OV-data/tcga_mir_LOGdata.RDS'}
Waiting at most 5 seconds for missing files.
