Building DAG of jobs...
Using shell: /bin/bash
Provided cores: 1 (use --cores to define parallelism)
Rules claiming more threads will be scaled down.
Job stats:
job                       count
----------------------  -------
download_clindata             1
download_coldata              1
merge_tcga_ov_mir_data        1
total                         3

Select jobs to execute...

[Mon Aug 14 11:01:33 2023]
rule download_clindata:
    input: /home/ieva/rprojects/tcga-ov-model/miR-TCGA-OV/download_TCGA-OV-clinical.R
    output: /home/ieva/rprojects/TCGA-OV-data/full_clinical.RDS
    jobid: 2
    reason: Missing output files: /home/ieva/rprojects/TCGA-OV-data/full_clinical.RDS
    resources: tmpdir=/tmp

Rscript /home/ieva/rprojects/tcga-ov-model/miR-TCGA-OV/download_TCGA-OV-clinical.R         --output /home/ieva/rprojects/TCGA-OV-data/full_clinical.RDS
[Mon Aug 14 11:02:00 2023]
Finished job 2.
1 of 3 steps (33%) done
Select jobs to execute...

[Mon Aug 14 11:02:00 2023]
rule download_coldata:
    input: /home/ieva/rprojects/tcga-ov-model/miR-TCGA-OV/download_miR-RPMs.R
    output: /home/ieva/rprojects/TCGA-OV-data/tcga_mir_LOGdata.RDS
    jobid: 1
    reason: Missing output files: /home/ieva/rprojects/TCGA-OV-data/tcga_mir_LOGdata.RDS
    resources: tmpdir=/tmp

Rscript /home/ieva/rprojects/tcga-ov-model/miR-TCGA-OV/download_miR-RPMs.R         --output /home/ieva/rprojects/TCGA-OV-data/tcga_mir_LOGdata.RDS
[Mon Aug 14 11:03:15 2023]
Finished job 1.
2 of 3 steps (67%) done
Select jobs to execute...

[Mon Aug 14 11:03:15 2023]
rule merge_tcga_ov_mir_data:
    input: /home/ieva/rprojects/TCGA-OV-data/tcga_mir_LOGdata.RDS, /home/ieva/rprojects/TCGA-OV-data/full_clinical.RDS, /home/ieva/rprojects/tcga-ov-model/miR-TCGA-OV/merge_miR_tcga-ov.R
    output: /home/ieva/rprojects/TCGA-OV-data/MERGED.RDS
    jobid: 0
    reason: Missing output files: /home/ieva/rprojects/TCGA-OV-data/MERGED.RDS; Input files updated by another job: /home/ieva/rprojects/TCGA-OV-data/full_clinical.RDS, /home/ieva/rprojects/TCGA-OV-data/tcga_mir_LOGdata.RDS
    resources: tmpdir=/tmp

Rscript /home/ieva/rprojects/tcga-ov-model/miR-TCGA-OV/merge_miR_tcga-ov.R         --input1 /home/ieva/rprojects/TCGA-OV-data/tcga_mir_LOGdata.RDS         --input2 /home/ieva/rprojects/TCGA-OV-data/full_clinical.RDS         --output /home/ieva/rprojects/TCGA-OV-data/MERGED.RDS
[Mon Aug 14 11:03:20 2023]
Finished job 0.
3 of 3 steps (100%) done
Complete log: .snakemake/log/2023-08-14T110132.942699.snakemake.log
