Building DAG of jobs...
Using shell: /bin/bash
Provided cores: 1 (use --cores to define parallelism)
Rules claiming more threads will be scaled down.
Job stats:
job                       count
----------------------  -------
download_clindata             1
merge_tcga_ov_mir_data        1
total                         2

Select jobs to execute...

[Mon Aug 14 10:43:55 2023]
rule download_clindata:
    input: /home/ieva/rprojects/tcga-ov-model/miR-TCGA-OV/download_TCGA-OV-clinical.R
    output: /home/ieva/rprojects/TCGA-OV-data/full_clinical.RDS
    jobid: 2
    reason: Missing output files: /home/ieva/rprojects/TCGA-OV-data/full_clinical.RDS
    resources: tmpdir=/tmp

Rscript /home/ieva/rprojects/tcga-ov-model/miR-TCGA-OV/download_TCGA-OV-clinical.R         --output /home/ieva/rprojects/TCGA-OV-data/full_clinical.RDS
[Mon Aug 14 10:44:21 2023]
Finished job 2.
1 of 2 steps (50%) done
Select jobs to execute...

[Mon Aug 14 10:44:21 2023]
rule merge_tcga_ov_mir_data:
    input: /home/ieva/rprojects/TCGA-OV-data/tcga_mir_LOGdata.RDS, /home/ieva/rprojects/TCGA-OV-data/full_clinical.RDS, /home/ieva/rprojects/tcga-ov-model/miR-TCGA-OV/merge_miR_tcga-ov.R
    output: /home/ieva/rprojects/TCGA-OV-data/MERGED.RDS
    jobid: 0
    reason: Missing output files: /home/ieva/rprojects/TCGA-OV-data/MERGED.RDS; Input files updated by another job: /home/ieva/rprojects/TCGA-OV-data/full_clinical.RDS
    resources: tmpdir=/tmp

Rscript /home/ieva/rprojects/tcga-ov-model/miR-TCGA-OV/merge_miR_tcga-ov.R         --input1 /home/ieva/rprojects/TCGA-OV-data/tcga_mir_LOGdata.RDS         --input2 /home/ieva/rprojects/TCGA-OV-data/full_clinical.RDS         --output /home/ieva/rprojects/TCGA-OV-data/MERGED.RDS
[Mon Aug 14 10:44:36 2023]
Error in rule merge_tcga_ov_mir_data:
    jobid: 0
    input: /home/ieva/rprojects/TCGA-OV-data/tcga_mir_LOGdata.RDS, /home/ieva/rprojects/TCGA-OV-data/full_clinical.RDS, /home/ieva/rprojects/tcga-ov-model/miR-TCGA-OV/merge_miR_tcga-ov.R
    output: /home/ieva/rprojects/TCGA-OV-data/MERGED.RDS
    shell:
        Rscript /home/ieva/rprojects/tcga-ov-model/miR-TCGA-OV/merge_miR_tcga-ov.R         --input1 /home/ieva/rprojects/TCGA-OV-data/tcga_mir_LOGdata.RDS         --input2 /home/ieva/rprojects/TCGA-OV-data/full_clinical.RDS         --output /home/ieva/rprojects/TCGA-OV-data/MERGED.RDS
        (one of the commands exited with non-zero exit code; note that snakemake uses bash strict mode!)

Shutting down, this might take some time.
Exiting because a job execution failed. Look above for error message
Complete log: .snakemake/log/2023-08-14T104355.382990.snakemake.log
