Building DAG of jobs...
Using shell: /bin/bash
Provided cores: 2
Rules claiming more threads will be scaled down.
Job stats:
job         count
--------  -------
all             1
mir_vens        1
total           2

Select jobs to execute...

[Tue Aug 15 14:39:55 2023]
rule mir_vens:
    input: outputs_mir/mirs_status.csv, outputs_mir/mirs_stage2.csv, outputs_mir/mirs_stage3.csv
    output: outputs_mir/figures/upset.png, outputs_mir/figures/venn.png, outputs_mir/figures/figo_intersect.csv
    jobid: 1
    reason: Missing output files: outputs_mir/figures/figo_intersect.csv, outputs_mir/figures/upset.png, outputs_mir/figures/venn.png
    resources: tmpdir=/tmp

[Tue Aug 15 14:40:00 2023]
Finished job 1.
1 of 2 steps (50%) done
Select jobs to execute...

[Tue Aug 15 14:40:00 2023]
localrule all:
    input: outputs_mir/figures/upset.png, outputs_mir/figures/venn.png, outputs_mir/figures/figo_intersect.csv
    jobid: 0
    reason: Input files updated by another job: outputs_mir/figures/upset.png, outputs_mir/figures/figo_intersect.csv, outputs_mir/figures/venn.png
    resources: tmpdir=/tmp

[Tue Aug 15 14:40:00 2023]
Finished job 0.
2 of 2 steps (100%) done
Complete log: .snakemake/log/2023-08-15T143955.080213.snakemake.log
