Building DAG of jobs...
Using shell: /bin/bash
Provided cores: 2
Rules claiming more threads will be scaled down.
Job stats:
job                       count
----------------------  -------
all                           1
download_clindata             1
download_coldata              1
merge_tcga_ov_mir_data        1
symlink                       1
symlink2                      1
symlink3                      1
total                         7

Select jobs to execute...

[Tue Aug 15 11:49:11 2023]
rule download_clindata:
    output: /home/ieva/rprojects/TCGA-OV-data/full_clinical.RDS
    jobid: 6
    reason: Code has changed since last execution
    resources: tmpdir=/tmp

[Tue Aug 15 11:49:11 2023]
rule download_coldata:
    output: /home/ieva/rprojects/TCGA-OV-data/tcga_mir_LOGdata.RDS
    jobid: 4
    reason: Code has changed since last execution
    resources: tmpdir=/tmp

Rscript --vanilla /home/ieva/rprojects/tcga-ov-model/miR-TCGA-OV/.snakemake/scripts/tmpjtroqmpc.download_TCGA-OV-clinical.R
Rscript --vanilla /home/ieva/rprojects/tcga-ov-model/miR-TCGA-OV/.snakemake/scripts/tmpmi7tbtj3.download_miR-RPMs.R
[Tue Aug 15 11:49:32 2023]
Finished job 6.
1 of 7 steps (14%) done
Select jobs to execute...

[Tue Aug 15 11:49:32 2023]
rule symlink2:
    input: /home/ieva/rprojects/TCGA-OV-data/full_clinical.RDS
    output: TCGA-OV-data/full_clinical.RDS
    jobid: 5
    reason: Input files updated by another job: /home/ieva/rprojects/TCGA-OV-data/full_clinical.RDS
    resources: tmpdir=/tmp


        ln -sr /home/ieva/rprojects/TCGA-OV-data/full_clinical.RDS TCGA-OV-data/full_clinical.RDS
        
[Tue Aug 15 11:49:32 2023]
Finished job 5.
2 of 7 steps (29%) done
[Tue Aug 15 11:50:28 2023]
Finished job 4.
3 of 7 steps (43%) done
Select jobs to execute...

[Tue Aug 15 11:50:28 2023]
rule symlink:
    input: /home/ieva/rprojects/TCGA-OV-data/tcga_mir_LOGdata.RDS
    output: TCGA-OV-data/tcga_mir_LOGdata.RDS
    jobid: 3
    reason: Input files updated by another job: /home/ieva/rprojects/TCGA-OV-data/tcga_mir_LOGdata.RDS
    resources: tmpdir=/tmp


        ln -sr /home/ieva/rprojects/TCGA-OV-data/tcga_mir_LOGdata.RDS TCGA-OV-data/tcga_mir_LOGdata.RDS
        
[Tue Aug 15 11:50:28 2023]
Finished job 3.
4 of 7 steps (57%) done
Select jobs to execute...

[Tue Aug 15 11:50:28 2023]
rule merge_tcga_ov_mir_data:
    input: TCGA-OV-data/tcga_mir_LOGdata.RDS, TCGA-OV-data/full_clinical.RDS
    output: /home/ieva/rprojects/TCGA-OV-data/MERGED.RDS
    jobid: 2
    reason: Missing output files: /home/ieva/rprojects/TCGA-OV-data/MERGED.RDS; Input files updated by another job: TCGA-OV-data/tcga_mir_LOGdata.RDS, TCGA-OV-data/full_clinical.RDS
    resources: tmpdir=/tmp

[Tue Aug 15 11:50:28 2023]
Error in rule merge_tcga_ov_mir_data:
    jobid: 2
    input: TCGA-OV-data/tcga_mir_LOGdata.RDS, TCGA-OV-data/full_clinical.RDS
    output: /home/ieva/rprojects/TCGA-OV-data/MERGED.RDS

RuleException:
WorkflowError in file /home/ieva/rprojects/tcga-ov-model/miR-TCGA-OV/Snakefile, line 43:
Failed to open source file /home/ieva/rprojects/tcga-ov-model/miR-TCGA-OV/
        "scripts_miR/merge_miR_tcga-ov.R"
        
FileNotFoundError: [Errno 2] No such file or directory: '/home/ieva/rprojects/tcga-ov-model/miR-TCGA-OV/\n        "scripts_miR/merge_miR_tcga-ov.R"\n        '
  File "/home/ieva/rprojects/tcga-ov-model/miR-TCGA-OV/Snakefile", line 43, in __rule_merge_tcga_ov_mir_data
  File "/home/ieva/mambaforge/envs/TCGA-OV/lib/python3.11/concurrent/futures/thread.py", line 58, in run
Shutting down, this might take some time.
Exiting because a job execution failed. Look above for error message
Complete log: .snakemake/log/2023-08-15T114911.219072.snakemake.log
