Building DAG of jobs...
Using shell: /bin/bash
Provided cores: 2
Rules claiming more threads will be scaled down.
Job stats:
job         count
--------  -------
all             1
symlink4        1
total           2

Select jobs to execute...

[Tue Aug 15 14:09:30 2023]
rule symlink4:
    input: /home/ieva/rprojects/TCGA-OV-data/y_train.RDS, /home/ieva/rprojects/TCGA-OV-data/y_test.RDS, /home/ieva/rprojects/TCGA-OV-data/weird_cases_mir.RDS
    output: TCGA-OV-data/y_train.RDS, TCGA-OV-data/y_test.RDS, TCGA-OV-data/weird_cases_mir.RDS
    jobid: 1
    reason: Missing output files: TCGA-OV-data/y_train.RDS, TCGA-OV-data/weird_cases_mir.RDS, TCGA-OV-data/y_test.RDS
    resources: tmpdir=/tmp


        ln -sr /home/ieva/rprojects/TCGA-OV-data/y_train.RDS TCGA-OV-data/y_train.RDS 
        ln -sr /home/ieva/rprojects/TCGA-OV-data/y_test.RDS TCGA-OV-data/y_test.RDS 
        ln -sr /home/ieva/rprojects/TCGA-OV-data/weird_cases_mir.RDS TCGA-OV-data/weird_cases_mir.RDS
        
[Tue Aug 15 14:09:30 2023]
Finished job 1.
1 of 2 steps (50%) done
Select jobs to execute...

[Tue Aug 15 14:09:30 2023]
localrule all:
    input: TCGA-OV-data/y_train.RDS, TCGA-OV-data/y_test.RDS, TCGA-OV-data/weird_cases_mir.RDS
    jobid: 0
    reason: Input files updated by another job: TCGA-OV-data/y_test.RDS, TCGA-OV-data/y_train.RDS, TCGA-OV-data/weird_cases_mir.RDS
    resources: tmpdir=/tmp

[Tue Aug 15 14:09:30 2023]
Finished job 0.
2 of 2 steps (100%) done
Complete log: .snakemake/log/2023-08-15T140930.046731.snakemake.log
