Building DAG of jobs...
Using shell: /bin/bash
Provided cores: 1 (use --cores to define parallelism)
Rules claiming more threads will be scaled down.
Job stats:
job                 count
----------------  -------
all                     1
download_coldata        1
symlink                 1
total                   3

Select jobs to execute...

[Tue Aug 15 11:26:11 2023]
rule download_coldata:
    output: /home/ieva/rprojects/TCGA-OV-data/tcga_mir_LOGdata.RDS
    jobid: 2
    reason: Missing output files: /home/ieva/rprojects/TCGA-OV-data/tcga_mir_LOGdata.RDS
    resources: tmpdir=/tmp

[Tue Aug 15 11:27:18 2023]
Finished job 2.
1 of 3 steps (33%) done
Select jobs to execute...

[Tue Aug 15 11:27:18 2023]
rule symlink:
    input: /home/ieva/rprojects/TCGA-OV-data/tcga_mir_LOGdata.RDS
    output: TCGA-OV-data/tcga_mir_LOGdata.RDS
    jobid: 1
    reason: Missing output files: TCGA-OV-data/tcga_mir_LOGdata.RDS; Input files updated by another job: /home/ieva/rprojects/TCGA-OV-data/tcga_mir_LOGdata.RDS
    resources: tmpdir=/tmp

[Tue Aug 15 11:27:18 2023]
Finished job 1.
2 of 3 steps (67%) done
Select jobs to execute...

[Tue Aug 15 11:27:18 2023]
localrule all:
    input: TCGA-OV-data/tcga_mir_LOGdata.RDS
    jobid: 0
    reason: Input files updated by another job: TCGA-OV-data/tcga_mir_LOGdata.RDS
    resources: tmpdir=/tmp

[Tue Aug 15 11:27:18 2023]
Finished job 0.
3 of 3 steps (100%) done
Complete log: .snakemake/log/2023-08-15T112610.937270.snakemake.log
