Building DAG of jobs...
Using shell: /bin/bash
Provided cores: 2
Rules claiming more threads will be scaled down.
Job stats:
job                       count
----------------------  -------
all                           1
merge_tcga_ov_mir_data        1
symlink3                      1
total                         3

Select jobs to execute...

[Tue Aug 15 11:52:52 2023]
rule merge_tcga_ov_mir_data:
    input: TCGA-OV-data/tcga_mir_LOGdata.RDS, TCGA-OV-data/full_clinical.RDS
    output: /home/ieva/rprojects/TCGA-OV-data/MERGED.RDS
    jobid: 2
    reason: Missing output files: /home/ieva/rprojects/TCGA-OV-data/MERGED.RDS
    resources: tmpdir=/tmp

Rscript --vanilla /home/ieva/rprojects/tcga-ov-model/miR-TCGA-OV/.snakemake/scripts/tmpf9kce82q.merge_miR_tcga-ov.R
[Tue Aug 15 11:52:55 2023]
Finished job 2.
1 of 3 steps (33%) done
Select jobs to execute...

[Tue Aug 15 11:52:55 2023]
rule symlink3:
    input: /home/ieva/rprojects/TCGA-OV-data/MERGED.RDS
    output: TCGA-OV-data/MERGED.RDS
    jobid: 1
    reason: Missing output files: TCGA-OV-data/MERGED.RDS; Input files updated by another job: /home/ieva/rprojects/TCGA-OV-data/MERGED.RDS
    resources: tmpdir=/tmp


        ln -sr /home/ieva/rprojects/TCGA-OV-data/MERGED.RDS TCGA-OV-data/MERGED.RDS
        
[Tue Aug 15 11:52:55 2023]
Finished job 1.
2 of 3 steps (67%) done
Select jobs to execute...

[Tue Aug 15 11:52:55 2023]
localrule all:
    input: TCGA-OV-data/MERGED.RDS
    jobid: 0
    reason: Input files updated by another job: TCGA-OV-data/MERGED.RDS
    resources: tmpdir=/tmp

[Tue Aug 15 11:52:55 2023]
Finished job 0.
3 of 3 steps (100%) done
Complete log: .snakemake/log/2023-08-15T115252.164015.snakemake.log
