Building DAG of jobs...
Using shell: /bin/bash
Provided cores: 2
Rules claiming more threads will be scaled down.
Job stats:
job            count
-----------  -------
all                1
mir_vens           1
models_mirs        1
total              3

Select jobs to execute...

[Tue Aug 15 14:35:33 2023]
rule models_mirs:
    input: TCGA-OV-data/y_train.RDS
    output: outputs_mir/mirs_status.csv, outputs_mir/mirs_stage2.csv, outputs_mir/mirs_stage3.csv
    jobid: 2
    reason: Missing output files: outputs_mir/mirs_stage2.csv, outputs_mir/mirs_status.csv, outputs_mir/mirs_stage3.csv
    resources: tmpdir=/tmp

[Tue Aug 15 14:35:44 2023]
Finished job 2.
1 of 3 steps (33%) done
Select jobs to execute...

[Tue Aug 15 14:35:44 2023]
rule mir_vens:
    input: outputs_mir/mirs_status.csv, outputs_mir/mirs_stage2.csv, outputs_mir/mirs_stage3.csv
    output: /home/ieva/rprojects/TCGA-OV-data/figures/upset.png, /home/ieva/rprojects/TCGA-OV-data/figures/venn.png, /home/ieva/rprojects/TCGA-OV-data/figures/figo_intersect.csv
    jobid: 1
    reason: Missing output files: /home/ieva/rprojects/TCGA-OV-data/figures/upset.png, /home/ieva/rprojects/TCGA-OV-data/figures/venn.png, /home/ieva/rprojects/TCGA-OV-data/figures/figo_intersect.csv; Input files updated by another job: outputs_mir/mirs_stage2.csv, outputs_mir/mirs_stage3.csv, outputs_mir/mirs_status.csv; Set of input files has changed since last execution; Code has changed since last execution
    resources: tmpdir=/tmp

[Tue Aug 15 14:35:49 2023]
Finished job 1.
2 of 3 steps (67%) done
Select jobs to execute...

[Tue Aug 15 14:35:49 2023]
localrule all:
    input: /home/ieva/rprojects/TCGA-OV-data/figures/upset.png, /home/ieva/rprojects/TCGA-OV-data/figures/venn.png, /home/ieva/rprojects/TCGA-OV-data/figures/figo_intersect.csv
    jobid: 0
    reason: Input files updated by another job: /home/ieva/rprojects/TCGA-OV-data/figures/upset.png, /home/ieva/rprojects/TCGA-OV-data/figures/venn.png, /home/ieva/rprojects/TCGA-OV-data/figures/figo_intersect.csv
    resources: tmpdir=/tmp

[Tue Aug 15 14:35:49 2023]
Finished job 0.
3 of 3 steps (100%) done
Complete log: .snakemake/log/2023-08-15T143532.691960.snakemake.log
