Building DAG of jobs...
Using shell: /bin/bash
Provided cores: 1 (use --cores to define parallelism)
Rules claiming more threads will be scaled down.
Job stats:
job                 count
----------------  -------
download_coldata        1
total                   1

Select jobs to execute...

[Mon Aug 14 16:31:05 2023]
rule download_coldata:
    input: /home/ieva/rprojects/tcga-ov-model/miR-TCGA-OV/download_miR-RPMs.R
    output: /home/ieva/rprojects/TCGA-OV-data/tcga_mir_LOGdata.RDS
    jobid: 0
    reason: Missing output files: /home/ieva/rprojects/TCGA-OV-data/tcga_mir_LOGdata.RDS
    resources: tmpdir=/tmp

Rscript /home/ieva/rprojects/tcga-ov-model/miR-TCGA-OV/download_miR-RPMs.R         --output /home/ieva/rprojects/TCGA-OV-data/tcga_mir_LOGdata.RDS
[Mon Aug 14 16:33:04 2023]
Finished job 0.
1 of 1 steps (100%) done
Complete log: .snakemake/log/2023-08-14T163104.865283.snakemake.log
