Building DAG of jobs...
Using shell: /bin/bash
Provided cores: 2
Rules claiming more threads will be scaled down.
Job stats:
job         count
--------  -------
all             1
symlink4        1
total           2

Select jobs to execute...

[Tue Aug 15 14:00:50 2023]
rule symlink4:
    input: /home/ieva/rprojects/TCGA-OV-data/y_train.RDS, /home/ieva/rprojects/TCGA-OV-data/y_test.RDS, /home/ieva/rprojects/TCGA-OV-data/weird_cases_mir.RDS
    output: TCGA-OV-data/y_train.RDS, TCGA-OV-data/y_test.RDS, TCGA-OV-data/weird_cases_mir.RDS
    jobid: 1
    reason: Missing output files: TCGA-OV-data/y_test.RDS, TCGA-OV-data/y_train.RDS, TCGA-OV-data/weird_cases_mir.RDS
    resources: tmpdir=/tmp


        ln -sr /home/ieva/rprojects/TCGA-OV-data/y_train.RDS /home/ieva/rprojects/TCGA-OV-data/y_test.RDS /home/ieva/rprojects/TCGA-OV-data/weird_cases_mir.RDS TCGA-OV-data/y_train.RDS TCGA-OV-data/y_test.RDS TCGA-OV-data/weird_cases_mir.RDS
        
[Tue Aug 15 14:00:50 2023]
Error in rule symlink4:
    jobid: 1
    input: /home/ieva/rprojects/TCGA-OV-data/y_train.RDS, /home/ieva/rprojects/TCGA-OV-data/y_test.RDS, /home/ieva/rprojects/TCGA-OV-data/weird_cases_mir.RDS
    output: TCGA-OV-data/y_train.RDS, TCGA-OV-data/y_test.RDS, TCGA-OV-data/weird_cases_mir.RDS
    shell:
        
        ln -sr /home/ieva/rprojects/TCGA-OV-data/y_train.RDS /home/ieva/rprojects/TCGA-OV-data/y_test.RDS /home/ieva/rprojects/TCGA-OV-data/weird_cases_mir.RDS TCGA-OV-data/y_train.RDS TCGA-OV-data/y_test.RDS TCGA-OV-data/weird_cases_mir.RDS
        
        (one of the commands exited with non-zero exit code; note that snakemake uses bash strict mode!)

Shutting down, this might take some time.
Exiting because a job execution failed. Look above for error message
Complete log: .snakemake/log/2023-08-15T140049.550051.snakemake.log
