Building DAG of jobs...
Using shell: /bin/bash
Provided cores: 2
Rules claiming more threads will be scaled down.
Job stats:
job                                  count
---------------------------------  -------
all                                      1
symlink4                                 1
test_train_split_tcga_ov_mir_data        1
total                                    3

Select jobs to execute...

[Tue Aug 15 13:58:43 2023]
rule test_train_split_tcga_ov_mir_data:
    input: TCGA-OV-data/MERGED.RDS
    output: /home/ieva/rprojects/TCGA-OV-data/y_train.RDS, /home/ieva/rprojects/TCGA-OV-data/y_test.RDS, /home/ieva/rprojects/TCGA-OV-data/weird_cases_mir.RDS
    jobid: 2
    reason: Missing output files: /home/ieva/rprojects/TCGA-OV-data/weird_cases_mir.RDS, /home/ieva/rprojects/TCGA-OV-data/y_test.RDS, /home/ieva/rprojects/TCGA-OV-data/y_train.RDS
    resources: tmpdir=/tmp

Rscript --vanilla /home/ieva/rprojects/tcga-ov-model/miR-TCGA-OV/.snakemake/scripts/tmpcsta9tfb.splits_mirs.R
[Tue Aug 15 13:58:45 2023]
Finished job 2.
1 of 3 steps (33%) done
Select jobs to execute...

[Tue Aug 15 13:58:45 2023]
rule symlink4:
    input: /home/ieva/rprojects/TCGA-OV-data/y_train.RDS, /home/ieva/rprojects/TCGA-OV-data/y_test.RDS, /home/ieva/rprojects/TCGA-OV-data/weird_cases_mir.RDS
    output: TCGA-OV-data/y_train.RDS, TCGA-OV-data/y_test.RDS, TCGA-OV-data/weird_cases_mir.RDS
    jobid: 1
    reason: Missing output files: TCGA-OV-data/y_test.RDS, TCGA-OV-data/weird_cases_mir.RDS, TCGA-OV-data/y_train.RDS; Input files updated by another job: /home/ieva/rprojects/TCGA-OV-data/weird_cases_mir.RDS, /home/ieva/rprojects/TCGA-OV-data/y_test.RDS, /home/ieva/rprojects/TCGA-OV-data/y_train.RDS
    resources: tmpdir=/tmp


        ln -sr /home/ieva/rprojects/TCGA-OV-data/y_train.RDS /home/ieva/rprojects/TCGA-OV-data/y_test.RDS /home/ieva/rprojects/TCGA-OV-data/weird_cases_mir.RDS TCGA-OV-data/y_train.RDS TCGA-OV-data/y_test.RDS TCGA-OV-data/weird_cases_mir.RDS
        
[Tue Aug 15 13:58:45 2023]
Error in rule symlink4:
    jobid: 1
    input: /home/ieva/rprojects/TCGA-OV-data/y_train.RDS, /home/ieva/rprojects/TCGA-OV-data/y_test.RDS, /home/ieva/rprojects/TCGA-OV-data/weird_cases_mir.RDS
    output: TCGA-OV-data/y_train.RDS, TCGA-OV-data/y_test.RDS, TCGA-OV-data/weird_cases_mir.RDS
    shell:
        
        ln -sr /home/ieva/rprojects/TCGA-OV-data/y_train.RDS /home/ieva/rprojects/TCGA-OV-data/y_test.RDS /home/ieva/rprojects/TCGA-OV-data/weird_cases_mir.RDS TCGA-OV-data/y_train.RDS TCGA-OV-data/y_test.RDS TCGA-OV-data/weird_cases_mir.RDS
        
        (one of the commands exited with non-zero exit code; note that snakemake uses bash strict mode!)

Shutting down, this might take some time.
Exiting because a job execution failed. Look above for error message
Complete log: .snakemake/log/2023-08-15T135842.945491.snakemake.log
