Building DAG of jobs...
Using shell: /bin/bash
Provided cores: 1 (use --cores to define parallelism)
Rules claiming more threads will be scaled down.
Job stats:
job         count
--------  -------
mir_vens        1
total           1

Select jobs to execute...

[Mon Aug 14 14:55:44 2023]
rule mir_vens:
    input: /home/ieva/rprojects/TCGA-OV-data/mirs_status.csv, /home/ieva/rprojects/TCGA-OV-data/mirs_stage2.csv, /home/ieva/rprojects/TCGA-OV-data/mirs_stage3.csv, /home/ieva/rprojects/tcga-ov-model/miR-TCGA-OV/venn_of_mirs.R
    output: /home/ieva/rprojects/TCGA-OV-data/figures/upset.png, /home/ieva/rprojects/TCGA-OV-data/figures/venn.png, /home/ieva/rprojects/TCGA-OV-data/figures/figo_intersect.csv
    jobid: 0
    reason: Missing output files: /home/ieva/rprojects/TCGA-OV-data/figures/venn.png, /home/ieva/rprojects/TCGA-OV-data/figures/figo_intersect.csv, /home/ieva/rprojects/TCGA-OV-data/figures/upset.png
    resources: tmpdir=/tmp

Rscript /home/ieva/rprojects/tcga-ov-model/miR-TCGA-OV/venn_of_mirs.R         --input1 /home/ieva/rprojects/TCGA-OV-data/mirs_status.csv         --input2 /home/ieva/rprojects/TCGA-OV-data/mirs_stage2.csv         --input3 /home/ieva/rprojects/TCGA-OV-data/mirs_stage3.csv         --output1 /home/ieva/rprojects/TCGA-OV-data/figures/upset.png         --output2 /home/ieva/rprojects/TCGA-OV-data/figures/venn.png         --output3 /home/ieva/rprojects/TCGA-OV-data/figures/figo_intersect.csv
[Mon Aug 14 14:55:52 2023]
Finished job 0.
1 of 1 steps (100%) done
Complete log: .snakemake/log/2023-08-14T145543.753644.snakemake.log
