Building DAG of jobs...
Using shell: /bin/bash
Provided cores: 1 (use --cores to define parallelism)
Rules claiming more threads will be scaled down.
Job stats:
job                       count
----------------------  -------
merge_tcga_ov_mir_data        1
total                         1

Select jobs to execute...

[Mon Aug 14 10:57:17 2023]
rule merge_tcga_ov_mir_data:
    input: /home/ieva/rprojects/TCGA-OV-data/tcga_mir_LOGdata.RDS, /home/ieva/rprojects/TCGA-OV-data/full_clinical.RDS, /home/ieva/rprojects/tcga-ov-model/miR-TCGA-OV/merge_miR_tcga-ov.R
    output: /home/ieva/rprojects/TCGA-OV-data/MERGED.RDS
    jobid: 0
    reason: Missing output files: /home/ieva/rprojects/TCGA-OV-data/MERGED.RDS
    resources: tmpdir=/tmp

Rscript /home/ieva/rprojects/tcga-ov-model/miR-TCGA-OV/merge_miR_tcga-ov.R         --input1 /home/ieva/rprojects/TCGA-OV-data/tcga_mir_LOGdata.RDS         --input2 /home/ieva/rprojects/TCGA-OV-data/full_clinical.RDS         --output /home/ieva/rprojects/TCGA-OV-data/MERGED.RDS
[Mon Aug 14 10:57:23 2023]
Finished job 0.
1 of 1 steps (100%) done
Complete log: .snakemake/log/2023-08-14T105717.317414.snakemake.log
