Building DAG of jobs...
Using shell: /bin/bash
Provided cores: 2
Rules claiming more threads will be scaled down.
Job stats:
job                  count
-----------------  -------
download_clindata        1
total                    1

Select jobs to execute...

[Mon Aug 14 16:05:36 2023]
rule download_clindata:
    input: download_TCGA-OV-clinical.R
    output: TCGA-OV-data/full_clinical.RDS
    jobid: 0
    reason: Missing output files: TCGA-OV-data/full_clinical.RDS
    resources: tmpdir=/tmp

Rscript download_TCGA-OV-clinical.R         --output TCGA-OV-data/full_clinical.RDS
[Mon Aug 14 16:06:01 2023]
Error in rule download_clindata:
    jobid: 0
    input: download_TCGA-OV-clinical.R
    output: TCGA-OV-data/full_clinical.RDS
    shell:
        Rscript download_TCGA-OV-clinical.R         --output TCGA-OV-data/full_clinical.RDS
        (one of the commands exited with non-zero exit code; note that snakemake uses bash strict mode!)

Shutting down, this might take some time.
Exiting because a job execution failed. Look above for error message
Complete log: .snakemake/log/2023-08-14T160535.829700.snakemake.log
