Building DAG of jobs...
Using shell: /bin/bash
Provided cores: 1 (use --cores to define parallelism)
Rules claiming more threads will be scaled down.
Job stats:
job                  count
-----------------  -------
download_clindata        1
total                    1

Select jobs to execute...

[Mon Aug 14 15:27:46 2023]
rule download_clindata:
    input: /home/ieva/rprojects/tcga-ov-model/miR-TCGA-OV/download_TCGA-OV-clinical.R
    output: /home/ieva/rprojects/TCGA-OV-data/full_clinical.RDS
    jobid: 0
    reason: Missing output files: /home/ieva/rprojects/TCGA-OV-data/full_clinical.RDS
    resources: tmpdir=/tmp

Rscript /home/ieva/rprojects/tcga-ov-model/miR-TCGA-OV/download_TCGA-OV-clinical.R         --output /home/ieva/rprojects/TCGA-OV-data/full_clinical.RDS
[Mon Aug 14 15:28:10 2023]
Finished job 0.
1 of 1 steps (100%) done
Complete log: .snakemake/log/2023-08-14T152745.543535.snakemake.log
