Building DAG of jobs...
Using shell: /bin/bash
Provided cores: 1 (use --cores to define parallelism)
Rules claiming more threads will be scaled down.
Job stats:
job         count
--------  -------
mir_vens        1
total           1

Select jobs to execute...

[Mon Aug 14 14:44:59 2023]
rule mir_vens:
    input: /home/ieva/rprojects/TCGA-OV-data/mirs_status.csv, /home/ieva/rprojects/TCGA-OV-data/mirs_stage2.csv, /home/ieva/rprojects/TCGA-OV-data/mirs_stage3.csv, /home/ieva/rprojects/tcga-ov-model/miR-TCGA-OV/venn_of_mirs.R
    output: /home/ieva/rprojects/TCGA-OV-data/figures/upset.png, /home/ieva/rprojects/TCGA-OV-data/figures/venn.png, /home/ieva/rprojects/TCGA-OV-data/figures/figo_intersect.csv
    jobid: 0
    reason: Missing output files: /home/ieva/rprojects/TCGA-OV-data/figures/venn.png, /home/ieva/rprojects/TCGA-OV-data/figures/figo_intersect.csv, /home/ieva/rprojects/TCGA-OV-data/figures/upset.png
    resources: tmpdir=/tmp

Rscript /home/ieva/rprojects/tcga-ov-model/miR-TCGA-OV/venn_of_mirs.R         --input1 /home/ieva/rprojects/TCGA-OV-data/mirs_status.csv         --input2 /home/ieva/rprojects/TCGA-OV-data/mirs_stage2.csv         --input3 /home/ieva/rprojects/TCGA-OV-data/mirs_stage3.csv         --output1 /home/ieva/rprojects/TCGA-OV-data/figures/upset.png         --output2 /home/ieva/rprojects/TCGA-OV-data/figures/venn.png         --output3 /home/ieva/rprojects/TCGA-OV-data/figures/figo_intersect.csv
[Mon Aug 14 14:45:03 2023]
Error in rule mir_vens:
    jobid: 0
    input: /home/ieva/rprojects/TCGA-OV-data/mirs_status.csv, /home/ieva/rprojects/TCGA-OV-data/mirs_stage2.csv, /home/ieva/rprojects/TCGA-OV-data/mirs_stage3.csv, /home/ieva/rprojects/tcga-ov-model/miR-TCGA-OV/venn_of_mirs.R
    output: /home/ieva/rprojects/TCGA-OV-data/figures/upset.png, /home/ieva/rprojects/TCGA-OV-data/figures/venn.png, /home/ieva/rprojects/TCGA-OV-data/figures/figo_intersect.csv
    shell:
        Rscript /home/ieva/rprojects/tcga-ov-model/miR-TCGA-OV/venn_of_mirs.R         --input1 /home/ieva/rprojects/TCGA-OV-data/mirs_status.csv         --input2 /home/ieva/rprojects/TCGA-OV-data/mirs_stage2.csv         --input3 /home/ieva/rprojects/TCGA-OV-data/mirs_stage3.csv         --output1 /home/ieva/rprojects/TCGA-OV-data/figures/upset.png         --output2 /home/ieva/rprojects/TCGA-OV-data/figures/venn.png         --output3 /home/ieva/rprojects/TCGA-OV-data/figures/figo_intersect.csv
        (one of the commands exited with non-zero exit code; note that snakemake uses bash strict mode!)

Shutting down, this might take some time.
Exiting because a job execution failed. Look above for error message
Complete log: .snakemake/log/2023-08-14T144458.575910.snakemake.log
