Building DAG of jobs...
Using shell: /bin/bash
Provided cores: 1 (use --cores to define parallelism)
Rules claiming more threads will be scaled down.
Job stats:
job            count
-----------  -------
mir_vens           1
models_mirs        1
total              2

Select jobs to execute...

[Mon Aug 14 14:32:06 2023]
rule models_mirs:
    input: /home/ieva/rprojects/TCGA-OV-data/y_train.RDS, /home/ieva/rprojects/tcga-ov-model/miR-TCGA-OV/model_build_mirs.R
    output: /home/ieva/rprojects/TCGA-OV-data/mirs_status.csv, /home/ieva/rprojects/TCGA-OV-data/mirs_stage2.csv, /home/ieva/rprojects/TCGA-OV-data/mirs_stage3.csv
    jobid: 1
    reason: Missing output files: /home/ieva/rprojects/TCGA-OV-data/mirs_stage3.csv, /home/ieva/rprojects/TCGA-OV-data/mirs_stage2.csv, /home/ieva/rprojects/TCGA-OV-data/mirs_status.csv
    resources: tmpdir=/tmp

Rscript /home/ieva/rprojects/tcga-ov-model/miR-TCGA-OV/model_build_mirs.R         --input1 /home/ieva/rprojects/TCGA-OV-data/y_train.RDS         --output1 /home/ieva/rprojects/TCGA-OV-data/mirs_status.csv         --output2 /home/ieva/rprojects/TCGA-OV-data/mirs_stage2.csv         --output3 /home/ieva/rprojects/TCGA-OV-data/mirs_stage3.csv
[Mon Aug 14 14:32:12 2023]
Error in rule models_mirs:
    jobid: 1
    input: /home/ieva/rprojects/TCGA-OV-data/y_train.RDS, /home/ieva/rprojects/tcga-ov-model/miR-TCGA-OV/model_build_mirs.R
    output: /home/ieva/rprojects/TCGA-OV-data/mirs_status.csv, /home/ieva/rprojects/TCGA-OV-data/mirs_stage2.csv, /home/ieva/rprojects/TCGA-OV-data/mirs_stage3.csv
    shell:
        Rscript /home/ieva/rprojects/tcga-ov-model/miR-TCGA-OV/model_build_mirs.R         --input1 /home/ieva/rprojects/TCGA-OV-data/y_train.RDS         --output1 /home/ieva/rprojects/TCGA-OV-data/mirs_status.csv         --output2 /home/ieva/rprojects/TCGA-OV-data/mirs_stage2.csv         --output3 /home/ieva/rprojects/TCGA-OV-data/mirs_stage3.csv
        (one of the commands exited with non-zero exit code; note that snakemake uses bash strict mode!)

Shutting down, this might take some time.
Exiting because a job execution failed. Look above for error message
Complete log: .snakemake/log/2023-08-14T143205.433616.snakemake.log
