Building DAG of jobs...
Using shell: /bin/bash
Provided cores: 2
Rules claiming more threads will be scaled down.
Job stats:
job            count
-----------  -------
all                1
mir_vens           1
models_mirs        1
total              3

Select jobs to execute...

[Tue Aug 15 14:34:06 2023]
rule models_mirs:
    input: TCGA-OV-data/y_train.RDS
    output: outputs_mir/mirs_status.csv, outputs_mir/mirs_stage2.csv, outputs_mir/mirs_stage3.csv
    jobid: 2
    reason: Missing output files: outputs_mir/mirs_stage2.csv, outputs_mir/mirs_stage3.csv, outputs_mir/mirs_status.csv
    resources: tmpdir=/tmp

[Tue Aug 15 14:34:13 2023]
Error in rule models_mirs:
    jobid: 2
    input: TCGA-OV-data/y_train.RDS
    output: outputs_mir/mirs_status.csv, outputs_mir/mirs_stage2.csv, outputs_mir/mirs_stage3.csv

RuleException:
CalledProcessError in file /home/ieva/rprojects/tcga-ov-model/miR-TCGA-OV/Snakefile, line 93:
Command 'set -euo pipefail;  Rscript --vanilla /home/ieva/rprojects/tcga-ov-model/miR-TCGA-OV/.snakemake/scripts/tmp_ush3y_c.model_build_mirs.R' returned non-zero exit status 1.
  File "/home/ieva/rprojects/tcga-ov-model/miR-TCGA-OV/Snakefile", line 93, in __rule_models_mirs
  File "/home/ieva/mambaforge/envs/TCGA-OV/lib/python3.11/concurrent/futures/thread.py", line 58, in run
Shutting down, this might take some time.
Exiting because a job execution failed. Look above for error message
Complete log: .snakemake/log/2023-08-15T143406.343352.snakemake.log
